<?xml version="1.0" encoding="UTF-8"?>
<coverage generated="1563545862572" clover="3.2.0">
  <project timestamp="1563545862572" name="All files">
    <metrics statements="44" coveredstatements="43" conditionals="9" coveredconditionals="9" methods="17" coveredmethods="16" elements="70" coveredelements="68" complexity="0" loc="44" ncloc="44" packages="2" files="4" classes="4"/>
    <package name="integrationTest">
      <metrics statements="20" coveredstatements="20" conditionals="2" coveredconditionals="2" methods="7" coveredmethods="7"/>
      <file name="intFunctions.js" path="C:\Users\COC UNILAG\Desktop\JavaScript-TDD\integrationTest\intFunctions.js">
        <metrics statements="10" coveredstatements="10" conditionals="0" coveredconditionals="0" methods="4" coveredmethods="4"/>
        <line num="3" count="1" type="stmt"/>
        <line num="4" count="1" type="stmt"/>
        <line num="7" count="1" type="stmt"/>
        <line num="8" count="1" type="stmt"/>
        <line num="11" count="1" type="stmt"/>
        <line num="12" count="1" type="stmt"/>
        <line num="14" count="1" type="stmt"/>
        <line num="17" count="1" type="stmt"/>
        <line num="18" count="1" type="stmt"/>
        <line num="21" count="1" type="stmt"/>
      </file>
      <file name="isPrime.js" path="C:\Users\COC UNILAG\Desktop\JavaScript-TDD\integrationTest\isPrime.js">
        <metrics statements="10" coveredstatements="10" conditionals="2" coveredconditionals="2" methods="3" coveredmethods="3"/>
        <line num="1" count="1" type="stmt"/>
        <line num="2" count="2" type="stmt"/>
        <line num="3" count="2" type="stmt"/>
        <line num="4" count="4" type="cond" truecount="2" falsecount="0"/>
        <line num="5" count="3" type="stmt"/>
        <line num="8" count="2" type="stmt"/>
        <line num="9" count="6" type="stmt"/>
        <line num="13" count="1" type="stmt"/>
        <line num="15" count="2" type="stmt"/>
        <line num="18" count="1" type="stmt"/>
      </file>
    </package>
    <package name="unitTest">
      <metrics statements="24" coveredstatements="23" conditionals="7" coveredconditionals="7" methods="10" coveredmethods="9"/>
      <file name="asyncFunction.js" path="C:\Users\COC UNILAG\Desktop\JavaScript-TDD\unitTest\asyncFunction.js">
        <metrics statements="6" coveredstatements="5" conditionals="0" coveredconditionals="0" methods="3" coveredmethods="2"/>
        <line num="1" count="1" type="stmt"/>
        <line num="2" count="1" type="stmt"/>
        <line num="3" count="1" type="stmt"/>
        <line num="5" count="1" type="stmt"/>
        <line num="6" count="0" type="stmt"/>
        <line num="9" count="1" type="stmt"/>
      </file>
      <file name="functions.js" path="C:\Users\COC UNILAG\Desktop\JavaScript-TDD\unitTest\functions.js">
        <metrics statements="18" coveredstatements="18" conditionals="7" coveredconditionals="7" methods="7" coveredmethods="7"/>
        <line num="4" count="1" type="stmt"/>
        <line num="6" count="2" type="stmt"/>
        <line num="9" count="1" type="stmt"/>
        <line num="12" count="3" type="cond" truecount="5" falsecount="0"/>
        <line num="13" count="1" type="stmt"/>
        <line num="15" count="2" type="stmt"/>
        <line num="16" count="2" type="stmt"/>
        <line num="20" count="2" type="stmt"/>
        <line num="21" count="2" type="stmt"/>
        <line num="22" count="7" type="cond" truecount="2" falsecount="0"/>
        <line num="23" count="5" type="stmt"/>
        <line num="26" count="2" type="stmt"/>
        <line num="27" count="16" type="stmt"/>
        <line num="31" count="1" type="stmt"/>
        <line num="32" count="1" type="stmt"/>
        <line num="33" count="1" type="stmt"/>
        <line num="36" count="1" type="stmt"/>
        <line num="44" count="1" type="stmt"/>
      </file>
    </package>
  </project>
</coverage>
