{"C:\\Users\\COC UNILAG\\Desktop\\JavaScript-TDD\\integrationTest\\intFunctions.js": {"path":"C:\\Users\\COC UNILAG\\Desktop\\JavaScript-TDD\\integrationTest\\intFunctions.js","statementMap":{"0":{"start":{"line":3,"column":12},"end":{"line":5,"column":1}},"1":{"start":{"line":4,"column":1},"end":{"line":4,"column":14}},"2":{"start":{"line":7,"column":18},"end":{"line":9,"column":1}},"3":{"start":{"line":8,"column":1},"end":{"line":8,"column":26}},"4":{"start":{"line":11,"column":25},"end":{"line":15,"column":1}},"5":{"start":{"line":12,"column":14},"end":{"line":12,"column":20}},"6":{"start":{"line":14,"column":1},"end":{"line":14,"column":42}},"7":{"start":{"line":17,"column":13},"end":{"line":19,"column":1}},"8":{"start":{"line":18,"column":1},"end":{"line":18,"column":15}},"9":{"start":{"line":21,"column":0},"end":{"line":21,"column":60}}},"fnMap":{"0":{"name":"(anonymous_0)","decl":{"start":{"line":3,"column":12},"end":{"line":3,"column":13}},"loc":{"start":{"line":3,"column":18},"end":{"line":5,"column":1}},"line":3},"1":{"name":"(anonymous_1)","decl":{"start":{"line":7,"column":18},"end":{"line":7,"column":19}},"loc":{"start":{"line":7,"column":24},"end":{"line":9,"column":1}},"line":7},"2":{"name":"(anonymous_2)","decl":{"start":{"line":11,"column":25},"end":{"line":11,"column":26}},"loc":{"start":{"line":11,"column":31},"end":{"line":15,"column":1}},"line":11},"3":{"name":"(anonymous_3)","decl":{"start":{"line":17,"column":13},"end":{"line":17,"column":14}},"loc":{"start":{"line":17,"column":19},"end":{"line":19,"column":1}},"line":17}},"branchMap":{},"s":{"0":1,"1":1,"2":1,"3":1,"4":1,"5":1,"6":1,"7":1,"8":1,"9":1},"f":{"0":1,"1":1,"2":1,"3":1},"b":{},"_coverageSchema":"43e27e138ebf9cfc5966b082cf9a028302ed4184","hash":"e8a6cd889afbf24a5d38a65722a547b43240d502"}
,"C:\\Users\\COC UNILAG\\Desktop\\JavaScript-TDD\\integrationTest\\isPrime.js": {"path":"C:\\Users\\COC UNILAG\\Desktop\\JavaScript-TDD\\integrationTest\\isPrime.js","statementMap":{"0":{"start":{"line":1,"column":21},"end":{"line":11,"column":1}},"1":{"start":{"line":2,"column":15},"end":{"line":2,"column":17}},"2":{"start":{"line":3,"column":1},"end":{"line":7,"column":2}},"3":{"start":{"line":3,"column":14},"end":{"line":3,"column":15}},"4":{"start":{"line":3,"column":23},"end":{"line":3,"column":35}},"5":{"start":{"line":4,"column":2},"end":{"line":6,"column":3}},"6":{"start":{"line":5,"column":3},"end":{"line":5,"column":26}},"7":{"start":{"line":8,"column":1},"end":{"line":10,"column":4}},"8":{"start":{"line":9,"column":2},"end":{"line":9,"column":15}},"9":{"start":{"line":13,"column":16},"end":{"line":16,"column":1}},"10":{"start":{"line":15,"column":1},"end":{"line":15,"column":37}},"11":{"start":{"line":18,"column":0},"end":{"line":18,"column":25}}},"fnMap":{"0":{"name":"(anonymous_0)","decl":{"start":{"line":1,"column":21},"end":{"line":1,"column":22}},"loc":{"start":{"line":1,"column":26},"end":{"line":11,"column":1}},"line":1},"1":{"name":"(anonymous_1)","decl":{"start":{"line":8,"column":21},"end":{"line":8,"column":22}},"loc":{"start":{"line":8,"column":31},"end":{"line":10,"column":2}},"line":8},"2":{"name":"(anonymous_2)","decl":{"start":{"line":13,"column":16},"end":{"line":13,"column":17}},"loc":{"start":{"line":13,"column":21},"end":{"line":16,"column":1}},"line":13}},"branchMap":{"0":{"loc":{"start":{"line":4,"column":2},"end":{"line":6,"column":3}},"type":"if","locations":[{"start":{"line":4,"column":2},"end":{"line":6,"column":3}},{"start":{"line":4,"column":2},"end":{"line":6,"column":3}}],"line":4}},"s":{"0":1,"1":0,"2":0,"3":0,"4":0,"5":0,"6":0,"7":0,"8":0,"9":1,"10":0,"11":1},"f":{"0":0,"1":0,"2":0},"b":{"0":[0,0]},"_coverageSchema":"43e27e138ebf9cfc5966b082cf9a028302ed4184","hash":"e76b3956ff25c3e1a47102f94d3267b24dcefba7"}
,"C:\\Users\\COC UNILAG\\Desktop\\JavaScript-TDD\\unitTest\\asyncFunction.js": {"path":"C:\\Users\\COC UNILAG\\Desktop\\JavaScript-TDD\\unitTest\\asyncFunction.js","statementMap":{"0":{"start":{"line":1,"column":14},"end":{"line":1,"column":30}},"1":{"start":{"line":2,"column":18},"end":{"line":7,"column":1}},"2":{"start":{"line":3,"column":1},"end":{"line":6,"column":36}},"3":{"start":{"line":5,"column":15},"end":{"line":5,"column":23}},"4":{"start":{"line":6,"column":16},"end":{"line":6,"column":34}},"5":{"start":{"line":9,"column":0},"end":{"line":9,"column":27}}},"fnMap":{"0":{"name":"(anonymous_0)","decl":{"start":{"line":2,"column":18},"end":{"line":2,"column":19}},"loc":{"start":{"line":2,"column":24},"end":{"line":7,"column":1}},"line":2},"1":{"name":"(anonymous_1)","decl":{"start":{"line":5,"column":8},"end":{"line":5,"column":9}},"loc":{"start":{"line":5,"column":15},"end":{"line":5,"column":23}},"line":5},"2":{"name":"(anonymous_2)","decl":{"start":{"line":6,"column":9},"end":{"line":6,"column":10}},"loc":{"start":{"line":6,"column":16},"end":{"line":6,"column":34}},"line":6}},"branchMap":{},"s":{"0":1,"1":1,"2":1,"3":1,"4":0,"5":1},"f":{"0":1,"1":1,"2":0},"b":{},"_coverageSchema":"43e27e138ebf9cfc5966b082cf9a028302ed4184","hash":"2f16c34c73bc4d334bae202123bc276c87aa49d0"}
,"C:\\Users\\COC UNILAG\\Desktop\\JavaScript-TDD\\unitTest\\functions.js": {"path":"C:\\Users\\COC UNILAG\\Desktop\\JavaScript-TDD\\unitTest\\functions.js","statementMap":{"0":{"start":{"line":4,"column":18},"end":{"line":42,"column":1}},"1":{"start":{"line":6,"column":2},"end":{"line":6,"column":15}},"2":{"start":{"line":9,"column":2},"end":{"line":9,"column":14}},"3":{"start":{"line":12,"column":2},"end":{"line":14,"column":3}},"4":{"start":{"line":13,"column":3},"end":{"line":13,"column":20}},"5":{"start":{"line":15,"column":2},"end":{"line":15,"column":50}},"6":{"start":{"line":16,"column":2},"end":{"line":16,"column":16}},"7":{"start":{"line":20,"column":16},"end":{"line":20,"column":18}},"8":{"start":{"line":21,"column":2},"end":{"line":25,"column":3}},"9":{"start":{"line":21,"column":15},"end":{"line":21,"column":16}},"10":{"start":{"line":21,"column":24},"end":{"line":21,"column":36}},"11":{"start":{"line":22,"column":3},"end":{"line":24,"column":4}},"12":{"start":{"line":23,"column":4},"end":{"line":23,"column":27}},"13":{"start":{"line":26,"column":2},"end":{"line":28,"column":5}},"14":{"start":{"line":27,"column":3},"end":{"line":27,"column":16}},"15":{"start":{"line":31,"column":15},"end":{"line":31,"column":40}},"16":{"start":{"line":32,"column":2},"end":{"line":32,"column":29}},"17":{"start":{"line":33,"column":2},"end":{"line":33,"column":14}},"18":{"start":{"line":36,"column":2},"end":{"line":40,"column":13}},"19":{"start":{"line":44,"column":0},"end":{"line":44,"column":27}}},"fnMap":{"0":{"name":"(anonymous_0)","decl":{"start":{"line":5,"column":6},"end":{"line":5,"column":7}},"loc":{"start":{"line":5,"column":16},"end":{"line":7,"column":2}},"line":5},"1":{"name":"(anonymous_1)","decl":{"start":{"line":8,"column":9},"end":{"line":8,"column":10}},"loc":{"start":{"line":8,"column":15},"end":{"line":10,"column":2}},"line":8},"2":{"name":"(anonymous_2)","decl":{"start":{"line":11,"column":14},"end":{"line":11,"column":15}},"loc":{"start":{"line":11,"column":34},"end":{"line":17,"column":2}},"line":11},"3":{"name":"(anonymous_3)","decl":{"start":{"line":19,"column":15},"end":{"line":19,"column":16}},"loc":{"start":{"line":19,"column":20},"end":{"line":29,"column":2}},"line":19},"4":{"name":"(anonymous_4)","decl":{"start":{"line":26,"column":22},"end":{"line":26,"column":23}},"loc":{"start":{"line":26,"column":32},"end":{"line":28,"column":3}},"line":26},"5":{"name":"(anonymous_5)","decl":{"start":{"line":30,"column":13},"end":{"line":30,"column":14}},"loc":{"start":{"line":30,"column":19},"end":{"line":34,"column":2}},"line":30},"6":{"name":"(anonymous_6)","decl":{"start":{"line":35,"column":16},"end":{"line":35,"column":17}},"loc":{"start":{"line":35,"column":23},"end":{"line":41,"column":2}},"line":35}},"branchMap":{"0":{"loc":{"start":{"line":12,"column":2},"end":{"line":14,"column":3}},"type":"if","locations":[{"start":{"line":12,"column":2},"end":{"line":14,"column":3}},{"start":{"line":12,"column":2},"end":{"line":14,"column":3}}],"line":12},"1":{"loc":{"start":{"line":12,"column":6},"end":{"line":12,"column":63}},"type":"binary-expr","locations":[{"start":{"line":12,"column":6},"end":{"line":12,"column":23}},{"start":{"line":12,"column":27},"end":{"line":12,"column":43}},{"start":{"line":12,"column":47},"end":{"line":12,"column":63}}],"line":12},"2":{"loc":{"start":{"line":22,"column":3},"end":{"line":24,"column":4}},"type":"if","locations":[{"start":{"line":22,"column":3},"end":{"line":24,"column":4}},{"start":{"line":22,"column":3},"end":{"line":24,"column":4}}],"line":22}},"s":{"0":1,"1":2,"2":1,"3":3,"4":1,"5":2,"6":2,"7":2,"8":2,"9":2,"10":2,"11":7,"12":5,"13":2,"14":16,"15":1,"16":1,"17":1,"18":1,"19":1},"f":{"0":2,"1":1,"2":3,"3":2,"4":16,"5":1,"6":1},"b":{"0":[1,2],"1":[3,1,1],"2":[5,2]},"_coverageSchema":"43e27e138ebf9cfc5966b082cf9a028302ed4184","hash":"d93a2190b2fc6c873d8ec62f7345d3d9dcb5e841"}
}
