TN:
SF:C:\Users\COC UNILAG\Desktop\JavaScript-TDD\unitTest\asyncFunction.js
FN:2,(anonymous_0)
FN:5,(anonymous_1)
FN:6,(anonymous_2)
FNF:3
FNH:2
FNDA:1,(anonymous_0)
FNDA:1,(anonymous_1)
FNDA:0,(anonymous_2)
DA:1,1
DA:2,1
DA:3,1
DA:5,1
DA:6,0
DA:9,1
LF:6
LH:5
BRF:0
BRH:0
end_of_record
TN:
SF:C:\Users\COC UNILAG\Desktop\JavaScript-TDD\unitTest\functions.js
FN:5,(anonymous_0)
FN:8,(anonymous_1)
FNF:2
FNH:2
FNDA:2,(anonymous_0)
FNDA:1,(anonymous_1)
DA:4,1
DA:6,2
DA:9,1
DA:13,1
LF:4
LH:4
BRF:0
BRH:0
end_of_record
