TN:
SF:C:\Users\COC UNILAG\Desktop\JavaScript-TDD\integrationTest\intFunctions.js
FN:4,(anonymous_0)
FN:8,(anonymous_1)
FN:12,(anonymous_2)
FN:18,(anonymous_3)
FNF:4
FNH:4
FNDA:1,(anonymous_0)
FNDA:1,(anonymous_1)
FNDA:1,(anonymous_2)
FNDA:1,(anonymous_3)
DA:4,1
DA:5,1
DA:8,1
DA:9,1
DA:12,1
DA:13,1
DA:15,1
DA:18,1
DA:19,1
DA:22,1
LF:10
LH:10
BRF:0
BRH:0
end_of_record
TN:
SF:C:\Users\COC UNILAG\Desktop\JavaScript-TDD\integrationTest\isPrime.js
FN:1,(anonymous_0)
FN:8,(anonymous_1)
FN:13,(anonymous_2)
FNF:3
FNH:3
FNDA:2,(anonymous_0)
FNDA:6,(anonymous_1)
FNDA:2,(anonymous_2)
DA:1,1
DA:2,2
DA:3,2
DA:4,4
DA:5,3
DA:8,2
DA:9,6
DA:13,1
DA:15,2
DA:18,1
LF:10
LH:10
BRDA:4,0,0,3
BRDA:4,0,1,1
BRF:2
BRH:2
end_of_record
TN:
SF:C:\Users\COC UNILAG\Desktop\JavaScript-TDD\unitTest\asyncFunction.js
FN:2,(anonymous_0)
FN:5,(anonymous_1)
FN:6,(anonymous_2)
FNF:3
FNH:2
FNDA:1,(anonymous_0)
FNDA:1,(anonymous_1)
FNDA:0,(anonymous_2)
DA:1,1
DA:2,1
DA:3,1
DA:5,1
DA:6,0
DA:9,1
LF:6
LH:5
BRF:0
BRH:0
end_of_record
TN:
SF:C:\Users\COC UNILAG\Desktop\JavaScript-TDD\unitTest\functions.js
FN:5,(anonymous_0)
FN:8,(anonymous_1)
FN:11,(anonymous_2)
FN:19,(anonymous_3)
FN:26,(anonymous_4)
FN:30,(anonymous_5)
FN:35,(anonymous_6)
FNF:7
FNH:7
FNDA:2,(anonymous_0)
FNDA:1,(anonymous_1)
FNDA:3,(anonymous_2)
FNDA:2,(anonymous_3)
FNDA:16,(anonymous_4)
FNDA:1,(anonymous_5)
FNDA:1,(anonymous_6)
DA:4,1
DA:6,2
DA:9,1
DA:12,3
DA:13,1
DA:15,2
DA:16,2
DA:20,2
DA:21,2
DA:22,7
DA:23,5
DA:26,2
DA:27,16
DA:31,1
DA:32,1
DA:33,1
DA:36,1
DA:44,1
LF:18
LH:18
BRDA:12,0,0,1
BRDA:12,0,1,2
BRDA:12,1,0,3
BRDA:12,1,1,1
BRDA:12,1,2,1
BRDA:22,2,0,5
BRDA:22,2,1,2
BRF:7
BRH:7
end_of_record
